Performing C SOURCE FILE Test CMAKE_HAVE_LIBC_PTHREAD failed with the following output:
Change Dir: /home/gg/MasterFile/MinRect/cmake-build-debug/CMakeFiles/CMakeTmp

Run Build Command(s):/usr/bin/make cmTC_87146/fast && make[1]: Entering directory '/home/gg/MasterFile/MinRect/cmake-build-debug/CMakeFiles/CMakeTmp'
/usr/bin/make  -f CMakeFiles/cmTC_87146.dir/build.make CMakeFiles/cmTC_87146.dir/build
make[2]: Entering directory '/home/gg/MasterFile/MinRect/cmake-build-debug/CMakeFiles/CMakeTmp'
Building C object CMakeFiles/cmTC_87146.dir/src.c.o
/usr/bin/cc   -DCMAKE_HAVE_LIBC_PTHREAD   -o CMakeFiles/cmTC_87146.dir/src.c.o   -c /home/gg/MasterFile/MinRect/cmake-build-debug/CMakeFiles/CMakeTmp/src.c
Linking C executable cmTC_87146
/home/gg/downloads/clion-2020.2.3/bin/cmake/linux/bin/cmake -E cmake_link_script CMakeFiles/cmTC_87146.dir/link.txt --verbose=1
/usr/bin/cc  -DCMAKE_HAVE_LIBC_PTHREAD    CMakeFiles/cmTC_87146.dir/src.c.o  -o cmTC_87146 
CMakeFiles/cmTC_87146.dir/src.c.o：在函数‘main’中：
src.c:(.text+0x3c)：对‘pthread_create’未定义的引用
src.c:(.text+0x48)：对‘pthread_detach’未定义的引用
src.c:(.text+0x54)：对‘pthread_cancel’未定义的引用
src.c:(.text+0x65)：对‘pthread_join’未定义的引用
src.c:(.text+0x79)：对‘pthread_atfork’未定义的引用
collect2: error: ld returned 1 exit status
CMakeFiles/cmTC_87146.dir/build.make:106: recipe for target 'cmTC_87146' failed
make[2]: *** [cmTC_87146] Error 1
make[2]: Leaving directory '/home/gg/MasterFile/MinRect/cmake-build-debug/CMakeFiles/CMakeTmp'
Makefile:141: recipe for target 'cmTC_87146/fast' failed
make[1]: *** [cmTC_87146/fast] Error 2
make[1]: Leaving directory '/home/gg/MasterFile/MinRect/cmake-build-debug/CMakeFiles/CMakeTmp'


Source file was:
#include <pthread.h>

void* test_func(void* data)
{
  return data;
}

int main(void)
{
  pthread_t thread;
  pthread_create(&thread, NULL, test_func, NULL);
  pthread_detach(thread);
  pthread_cancel(thread);
  pthread_join(thread, NULL);
  pthread_atfork(NULL, NULL, NULL);
  pthread_exit(NULL);

  return 0;
}

Determining if the function pthread_create exists in the pthreads failed with the following output:
Change Dir: /home/gg/MasterFile/MinRect/cmake-build-debug/CMakeFiles/CMakeTmp

Run Build Command(s):/usr/bin/make cmTC_b3200/fast && make[1]: Entering directory '/home/gg/MasterFile/MinRect/cmake-build-debug/CMakeFiles/CMakeTmp'
/usr/bin/make  -f CMakeFiles/cmTC_b3200.dir/build.make CMakeFiles/cmTC_b3200.dir/build
make[2]: Entering directory '/home/gg/MasterFile/MinRect/cmake-build-debug/CMakeFiles/CMakeTmp'
Building C object CMakeFiles/cmTC_b3200.dir/CheckFunctionExists.c.o
/usr/bin/cc   -DCHECK_FUNCTION_EXISTS=pthread_create   -o CMakeFiles/cmTC_b3200.dir/CheckFunctionExists.c.o   -c /home/gg/downloads/clion-2020.2.3/bin/cmake/linux/share/cmake-3.17/Modules/CheckFunctionExists.c
Linking C executable cmTC_b3200
/home/gg/downloads/clion-2020.2.3/bin/cmake/linux/bin/cmake -E cmake_link_script CMakeFiles/cmTC_b3200.dir/link.txt --verbose=1
/usr/bin/cc  -DCHECK_FUNCTION_EXISTS=pthread_create    CMakeFiles/cmTC_b3200.dir/CheckFunctionExists.c.o  -o cmTC_b3200  -lpthreads 
/usr/bin/ld: 找不到 -lpthreads
collect2: error: ld returned 1 exit status
CMakeFiles/cmTC_b3200.dir/build.make:106: recipe for target 'cmTC_b3200' failed
make[2]: *** [cmTC_b3200] Error 1
make[2]: Leaving directory '/home/gg/MasterFile/MinRect/cmake-build-debug/CMakeFiles/CMakeTmp'
Makefile:141: recipe for target 'cmTC_b3200/fast' failed
make[1]: *** [cmTC_b3200/fast] Error 2
make[1]: Leaving directory '/home/gg/MasterFile/MinRect/cmake-build-debug/CMakeFiles/CMakeTmp'



